{"W:\\calypso-air\\server\\database.js": {"path":"W:\\calypso-air\\server\\database.js","statementMap":{"0":{"start":{"line":1,"column":22},"end":{"line":1,"column":42}},"1":{"start":{"line":3,"column":18},"end":{"line":13,"column":2}},"2":{"start":{"line":15,"column":0},"end":{"line":15,"column":27}}},"fnMap":{},"branchMap":{},"s":{"0":2,"1":2,"2":2},"f":{},"b":{},"_coverageSchema":"1a1c01bbd47fc00a2c39e90264f33305004495a9","hash":"e2d18a6b4bfdffcc8131ba7ab83a1d3b6fce61ce"}
,"W:\\calypso-air\\server\\index.js": {"path":"W:\\calypso-air\\server\\index.js","statementMap":{"0":{"start":{"line":1,"column":16},"end":{"line":1,"column":34}},"1":{"start":{"line":2,"column":13},"end":{"line":2,"column":28}},"2":{"start":{"line":3,"column":19},"end":{"line":3,"column":39}},"3":{"start":{"line":4,"column":13},"end":{"line":4,"column":28}},"4":{"start":{"line":5,"column":18},"end":{"line":5,"column":39}},"5":{"start":{"line":6,"column":15},"end":{"line":6,"column":41}},"6":{"start":{"line":7,"column":14},"end":{"line":7,"column":39}},"7":{"start":{"line":8,"column":21},"end":{"line":8,"column":53}},"8":{"start":{"line":10,"column":12},"end":{"line":10,"column":21}},"9":{"start":{"line":11,"column":0},"end":{"line":11,"column":16}},"10":{"start":{"line":12,"column":0},"end":{"line":12,"column":24}},"11":{"start":{"line":14,"column":0},"end":{"line":14,"column":38}},"12":{"start":{"line":16,"column":15},"end":{"line":16,"column":37}},"13":{"start":{"line":17,"column":11},"end":{"line":17,"column":56}},"14":{"start":{"line":19,"column":15},"end":{"line":29,"column":1}},"15":{"start":{"line":20,"column":4},"end":{"line":28,"column":5}},"16":{"start":{"line":21,"column":8},"end":{"line":21,"column":39}},"17":{"start":{"line":22,"column":8},"end":{"line":22,"column":45}},"18":{"start":{"line":24,"column":8},"end":{"line":24,"column":47}},"19":{"start":{"line":25,"column":8},"end":{"line":25,"column":40}},"20":{"start":{"line":27,"column":8},"end":{"line":27,"column":57}},"21":{"start":{"line":31,"column":0},"end":{"line":36,"column":1}},"22":{"start":{"line":32,"column":4},"end":{"line":32,"column":13}},"23":{"start":{"line":33,"column":4},"end":{"line":35,"column":7}},"24":{"start":{"line":34,"column":8},"end":{"line":34,"column":51}},"25":{"start":{"line":38,"column":0},"end":{"line":38,"column":33}}},"fnMap":{"0":{"name":"(anonymous_0)","decl":{"start":{"line":19,"column":15},"end":{"line":19,"column":16}},"loc":{"start":{"line":19,"column":27},"end":{"line":29,"column":1}},"line":19},"1":{"name":"(anonymous_1)","decl":{"start":{"line":33,"column":24},"end":{"line":33,"column":25}},"loc":{"start":{"line":33,"column":30},"end":{"line":35,"column":5}},"line":33}},"branchMap":{"0":{"loc":{"start":{"line":31,"column":0},"end":{"line":36,"column":1}},"type":"if","locations":[{"start":{"line":31,"column":0},"end":{"line":36,"column":1}},{"start":{},"end":{}}],"line":31}},"s":{"0":2,"1":2,"2":2,"3":2,"4":2,"5":2,"6":2,"7":2,"8":2,"9":2,"10":2,"11":2,"12":2,"13":2,"14":2,"15":0,"16":0,"17":0,"18":0,"19":0,"20":0,"21":2,"22":0,"23":0,"24":0,"25":2},"f":{"0":0,"1":0},"b":{"0":[0,2]},"_coverageSchema":"1a1c01bbd47fc00a2c39e90264f33305004495a9","hash":"3c92aac3eaeb6c38cff04cd3f60ac65d98c64b4d"}
,"W:\\calypso-air\\server\\models\\Flight.js": {"path":"W:\\calypso-air\\server\\models\\Flight.js","statementMap":{"0":{"start":{"line":1,"column":22},"end":{"line":1,"column":42}},"1":{"start":{"line":2,"column":18},"end":{"line":2,"column":40}},"2":{"start":{"line":3,"column":14},"end":{"line":3,"column":32}},"3":{"start":{"line":5,"column":15},"end":{"line":9,"column":2}},"4":{"start":{"line":11,"column":0},"end":{"line":11,"column":22}},"5":{"start":{"line":12,"column":0},"end":{"line":12,"column":24}},"6":{"start":{"line":14,"column":0},"end":{"line":14,"column":24}}},"fnMap":{},"branchMap":{},"s":{"0":2,"1":2,"2":2,"3":2,"4":2,"5":2,"6":2},"f":{},"b":{},"_coverageSchema":"1a1c01bbd47fc00a2c39e90264f33305004495a9","hash":"9e930298be0c1a92f4b893a8be539bd6b928d675"}
,"W:\\calypso-air\\server\\models\\Plane.js": {"path":"W:\\calypso-air\\server\\models\\Plane.js","statementMap":{"0":{"start":{"line":1,"column":22},"end":{"line":1,"column":42}},"1":{"start":{"line":2,"column":18},"end":{"line":2,"column":40}},"2":{"start":{"line":4,"column":14},"end":{"line":7,"column":2}},"3":{"start":{"line":9,"column":0},"end":{"line":9,"column":23}}},"fnMap":{},"branchMap":{},"s":{"0":2,"1":2,"2":2,"3":2},"f":{},"b":{},"_coverageSchema":"1a1c01bbd47fc00a2c39e90264f33305004495a9","hash":"c3a7a5d2d2d3b15d28123baca29b4436178f6339"}
,"W:\\calypso-air\\server\\routes\\flightRoutes.js": {"path":"W:\\calypso-air\\server\\routes\\flightRoutes.js","statementMap":{"0":{"start":{"line":1,"column":16},"end":{"line":1,"column":34}},"1":{"start":{"line":2,"column":15},"end":{"line":2,"column":31}},"2":{"start":{"line":4,"column":14},"end":{"line":6,"column":1}},"3":{"start":{"line":8,"column":0},"end":{"line":20,"column":3}},"4":{"start":{"line":9,"column":15},"end":{"line":9,"column":44}},"5":{"start":{"line":10,"column":16},"end":{"line":10,"column":46}},"6":{"start":{"line":11,"column":21},"end":{"line":11,"column":39}},"7":{"start":{"line":12,"column":19},"end":{"line":12,"column":31}},"8":{"start":{"line":14,"column":2},"end":{"line":19,"column":5}},"9":{"start":{"line":22,"column":0},"end":{"line":33,"column":3}},"10":{"start":{"line":23,"column":37},"end":{"line":23,"column":45}},"11":{"start":{"line":25,"column":2},"end":{"line":25,"column":121}},"12":{"start":{"line":25,"column":57},"end":{"line":25,"column":121}},"13":{"start":{"line":26,"column":2},"end":{"line":26,"column":130}},"14":{"start":{"line":26,"column":46},"end":{"line":26,"column":130}},"15":{"start":{"line":27,"column":2},"end":{"line":27,"column":102}},"16":{"start":{"line":27,"column":37},"end":{"line":27,"column":102}},"17":{"start":{"line":28,"column":2},"end":{"line":28,"column":115}},"18":{"start":{"line":28,"column":24},"end":{"line":28,"column":35}},"19":{"start":{"line":28,"column":38},"end":{"line":28,"column":115}},"20":{"start":{"line":30,"column":20},"end":{"line":30,"column":65}},"21":{"start":{"line":31,"column":2},"end":{"line":31,"column":26}},"22":{"start":{"line":32,"column":2},"end":{"line":32,"column":34}},"23":{"start":{"line":35,"column":0},"end":{"line":40,"column":3}},"24":{"start":{"line":36,"column":24},"end":{"line":36,"column":38}},"25":{"start":{"line":37,"column":2},"end":{"line":37,"column":56}},"26":{"start":{"line":37,"column":32},"end":{"line":37,"column":54}},"27":{"start":{"line":38,"column":2},"end":{"line":38,"column":99}},"28":{"start":{"line":38,"column":40},"end":{"line":38,"column":99}},"29":{"start":{"line":39,"column":2},"end":{"line":39,"column":25}},"30":{"start":{"line":42,"column":0},"end":{"line":42,"column":24}}},"fnMap":{"0":{"name":"(anonymous_0)","decl":{"start":{"line":8,"column":16},"end":{"line":8,"column":17}},"loc":{"start":{"line":8,"column":30},"end":{"line":20,"column":1}},"line":8},"1":{"name":"(anonymous_1)","decl":{"start":{"line":22,"column":17},"end":{"line":22,"column":18}},"loc":{"start":{"line":22,"column":31},"end":{"line":33,"column":1}},"line":22},"2":{"name":"(anonymous_2)","decl":{"start":{"line":28,"column":19},"end":{"line":28,"column":20}},"loc":{"start":{"line":28,"column":24},"end":{"line":28,"column":35}},"line":28},"3":{"name":"(anonymous_3)","decl":{"start":{"line":35,"column":22},"end":{"line":35,"column":23}},"loc":{"start":{"line":35,"column":36},"end":{"line":40,"column":1}},"line":35},"4":{"name":"(anonymous_4)","decl":{"start":{"line":37,"column":27},"end":{"line":37,"column":28}},"loc":{"start":{"line":37,"column":32},"end":{"line":37,"column":54}},"line":37}},"branchMap":{"0":{"loc":{"start":{"line":9,"column":15},"end":{"line":9,"column":44}},"type":"binary-expr","locations":[{"start":{"line":9,"column":15},"end":{"line":9,"column":39}},{"start":{"line":9,"column":43},"end":{"line":9,"column":44}}],"line":9},"1":{"loc":{"start":{"line":10,"column":16},"end":{"line":10,"column":46}},"type":"binary-expr","locations":[{"start":{"line":10,"column":16},"end":{"line":10,"column":41}},{"start":{"line":10,"column":45},"end":{"line":10,"column":46}}],"line":10},"2":{"loc":{"start":{"line":25,"column":2},"end":{"line":25,"column":121}},"type":"if","locations":[{"start":{"line":25,"column":2},"end":{"line":25,"column":121}},{"start":{},"end":{}}],"line":25},"3":{"loc":{"start":{"line":25,"column":6},"end":{"line":25,"column":55}},"type":"binary-expr","locations":[{"start":{"line":25,"column":6},"end":{"line":25,"column":9}},{"start":{"line":25,"column":13},"end":{"line":25,"column":35}},{"start":{"line":25,"column":39},"end":{"line":25,"column":55}}],"line":25},"4":{"loc":{"start":{"line":26,"column":2},"end":{"line":26,"column":130}},"type":"if","locations":[{"start":{"line":26,"column":2},"end":{"line":26,"column":130}},{"start":{},"end":{}}],"line":26},"5":{"loc":{"start":{"line":26,"column":6},"end":{"line":26,"column":44}},"type":"binary-expr","locations":[{"start":{"line":26,"column":6},"end":{"line":26,"column":18}},{"start":{"line":26,"column":22},"end":{"line":26,"column":44}}],"line":26},"6":{"loc":{"start":{"line":27,"column":2},"end":{"line":27,"column":102}},"type":"if","locations":[{"start":{"line":27,"column":2},"end":{"line":27,"column":102}},{"start":{},"end":{}}],"line":27},"7":{"loc":{"start":{"line":27,"column":6},"end":{"line":27,"column":35}},"type":"binary-expr","locations":[{"start":{"line":27,"column":6},"end":{"line":27,"column":12}},{"start":{"line":27,"column":16},"end":{"line":27,"column":35}}],"line":27},"8":{"loc":{"start":{"line":28,"column":2},"end":{"line":28,"column":115}},"type":"if","locations":[{"start":{"line":28,"column":2},"end":{"line":28,"column":115}},{"start":{},"end":{}}],"line":28},"9":{"loc":{"start":{"line":38,"column":2},"end":{"line":38,"column":99}},"type":"if","locations":[{"start":{"line":38,"column":2},"end":{"line":38,"column":99}},{"start":{},"end":{}}],"line":38}},"s":{"0":2,"1":2,"2":2,"3":2,"4":1,"5":1,"6":1,"7":1,"8":1,"9":2,"10":5,"11":5,"12":0,"13":5,"14":2,"15":3,"16":1,"17":2,"18":2,"19":2,"20":0,"21":0,"22":0,"23":2,"24":2,"25":2,"26":1,"27":2,"28":1,"29":1,"30":2},"f":{"0":1,"1":5,"2":2,"3":2,"4":1},"b":{"0":[1,0],"1":[1,0],"2":[0,5],"3":[5,5,5],"4":[2,3],"5":[5,4],"6":[1,2],"7":[3,2],"8":[2,0],"9":[1,1]},"_coverageSchema":"1a1c01bbd47fc00a2c39e90264f33305004495a9","hash":"0501a2ed58ebb5068e5ab12c757668acc4f15674"}
}
