<?xml version="1.0" encoding="UTF-8"?>
<coverage generated="1774886920355" clover="3.2.0">
  <project timestamp="1774886920355" name="All files">
    <metrics statements="49" coveredstatements="46" conditionals="21" coveredconditionals="18" methods="24" coveredmethods="23" elements="94" coveredelements="87" complexity="0" loc="49" ncloc="49" packages="3" files="5" classes="5"/>
    <package name="src">
      <metrics statements="14" coveredstatements="14" conditionals="6" coveredconditionals="5" methods="7" coveredmethods="7"/>
      <file name="App.jsx" path="W:\calypso-air\src\App.jsx">
        <metrics statements="14" coveredstatements="14" conditionals="6" coveredconditionals="5" methods="7" coveredmethods="7"/>
        <line num="8" count="13" type="stmt"/>
        <line num="9" count="13" type="stmt"/>
        <line num="11" count="13" type="stmt"/>
        <line num="12" count="6" type="stmt"/>
        <line num="13" count="1" type="stmt"/>
        <line num="16" count="13" type="stmt"/>
        <line num="17" count="1" type="stmt"/>
        <line num="20" count="13" type="stmt"/>
        <line num="21" count="1" type="stmt"/>
        <line num="22" count="6" type="cond" truecount="2" falsecount="0"/>
        <line num="23" count="1" type="cond" truecount="1" falsecount="1"/>
        <line num="25" count="5" type="stmt"/>
        <line num="29" count="13" type="stmt"/>
        <line num="41" count="1" type="stmt"/>
      </file>
    </package>
    <package name="src.components">
      <metrics statements="34" coveredstatements="31" conditionals="15" coveredconditionals="13" methods="17" coveredmethods="16"/>
      <file name="DetailView.jsx" path="W:\calypso-air\src\components\DetailView.jsx">
        <metrics statements="3" coveredstatements="3" conditionals="2" coveredconditionals="2" methods="1" coveredmethods="1"/>
        <line num="3" count="1" type="stmt"/>
        <line num="4" count="2" type="cond" truecount="2" falsecount="0"/>
        <line num="6" count="1" type="stmt"/>
      </file>
      <file name="MasterTable.jsx" path="W:\calypso-air\src\components\MasterTable.jsx">
        <metrics statements="29" coveredstatements="26" conditionals="13" coveredconditionals="11" methods="15" coveredmethods="14"/>
        <line num="3" count="1" type="stmt"/>
        <line num="4" count="20" type="stmt"/>
        <line num="12" count="20" type="stmt"/>
        <line num="13" count="20" type="stmt"/>
        <line num="15" count="20" type="stmt"/>
        <line num="16" count="20" type="stmt"/>
        <line num="17" count="20" type="stmt"/>
        <line num="18" count="20" type="stmt"/>
        <line num="20" count="20" type="stmt"/>
        <line num="21" count="2" type="stmt"/>
        <line num="23" count="2" type="cond" truecount="5" falsecount="0"/>
        <line num="24" count="1" type="stmt"/>
        <line num="25" count="1" type="stmt"/>
        <line num="28" count="6" type="cond" truecount="1" falsecount="1"/>
        <line num="29" count="0" type="stmt"/>
        <line num="30" count="0" type="stmt"/>
        <line num="33" count="1" type="stmt"/>
        <line num="34" count="1" type="stmt"/>
        <line num="36" count="20" type="stmt"/>
        <line num="51" count="2" type="stmt"/>
        <line num="57" count="1" type="stmt"/>
        <line num="63" count="1" type="stmt"/>
        <line num="69" count="0" type="stmt"/>
        <line num="94" count="58" type="stmt"/>
        <line num="109" count="1" type="stmt"/>
        <line num="111" count="1" type="stmt"/>
        <line num="117" count="1" type="stmt"/>
        <line num="130" count="1" type="stmt"/>
        <line num="132" count="3" type="stmt"/>
      </file>
      <file name="PresentationView.jsx" path="W:\calypso-air\src\components\PresentationView.jsx">
        <metrics statements="2" coveredstatements="2" conditionals="0" coveredconditionals="0" methods="1" coveredmethods="1"/>
        <line num="3" count="1" type="stmt"/>
        <line num="4" count="13" type="stmt"/>
      </file>
    </package>
    <package name="src.data">
      <metrics statements="1" coveredstatements="1" conditionals="0" coveredconditionals="0" methods="0" coveredmethods="0"/>
      <file name="flights.js" path="W:\calypso-air\src\data\flights.js">
        <metrics statements="1" coveredstatements="1" conditionals="0" coveredconditionals="0" methods="0" coveredmethods="0"/>
        <line num="1" count="1" type="stmt"/>
      </file>
    </package>
  </project>
</coverage>
