{"W:\\calypso-air\\src\\App.jsx": {"path":"W:\\calypso-air\\src\\App.jsx","statementMap":{"0":{"start":{"line":8,"column":18},"end":{"line":8,"column":56}},"1":{"start":{"line":9,"column":25},"end":{"line":9,"column":60}},"2":{"start":{"line":11,"column":8},"end":{"line":13,"column":null}},"3":{"start":{"line":12,"column":27},"end":{"line":12,"column":59}},"4":{"start":{"line":12,"column":47},"end":{"line":12,"column":59}},"5":{"start":{"line":13,"column":4},"end":{"line":13,"column":null}},"6":{"start":{"line":16,"column":8},"end":{"line":17,"column":null}},"7":{"start":{"line":17,"column":4},"end":{"line":17,"column":null}},"8":{"start":{"line":20,"column":8},"end":{"line":26,"column":null}},"9":{"start":{"line":21,"column":2},"end":{"line":26,"column":null}},"10":{"start":{"line":22,"column":4},"end":{"line":23,"column":null}},"11":{"start":{"line":23,"column":6},"end":{"line":23,"column":null}},"12":{"start":{"line":25,"column":4},"end":{"line":25,"column":null}},"13":{"start":{"line":29,"column":2},"end":{"line":41,"column":null}},"14":{"start":{"line":41,"column":58},"end":{"line":41,"column":85}}},"fnMap":{"0":{"name":"App","decl":{"start":{"line":7,"column":9},"end":{"line":7,"column":15}},"loc":{"start":{"line":7,"column":15},"end":{"line":41,"column":null}},"line":7},"1":{"name":"(anonymous_1)","decl":{"start":{"line":11,"column":8},"end":{"line":11,"column":23}},"loc":{"start":{"line":11,"column":30},"end":{"line":13,"column":null}},"line":11},"2":{"name":"(anonymous_2)","decl":{"start":{"line":12,"column":35},"end":{"line":12,"column":42}},"loc":{"start":{"line":12,"column":47},"end":{"line":12,"column":59}},"line":12},"3":{"name":"(anonymous_3)","decl":{"start":{"line":16,"column":8},"end":{"line":16,"column":21}},"loc":{"start":{"line":16,"column":35},"end":{"line":17,"column":null}},"line":16},"4":{"name":"(anonymous_4)","decl":{"start":{"line":20,"column":8},"end":{"line":20,"column":30}},"loc":{"start":{"line":20,"column":37},"end":{"line":26,"column":null}},"line":20},"5":{"name":"(anonymous_5)","decl":{"start":{"line":21,"column":21},"end":{"line":21,"column":25}},"loc":{"start":{"line":21,"column":30},"end":{"line":26,"column":5}},"line":21},"6":{"name":"(anonymous_6)","decl":{"start":{"line":41,"column":44},"end":{"line":41,"column":58}},"loc":{"start":{"line":41,"column":58},"end":{"line":41,"column":85}},"line":41}},"branchMap":{"0":{"loc":{"start":{"line":22,"column":4},"end":{"line":23,"column":null}},"type":"if","locations":[{"start":{"line":22,"column":4},"end":{"line":23,"column":null}},{"start":{},"end":{}}],"line":22},"1":{"loc":{"start":{"line":23,"column":29},"end":{"line":23,"column":77}},"type":"cond-expr","locations":[{"start":{"line":23,"column":54},"end":{"line":23,"column":66}},{"start":{"line":23,"column":66},"end":{"line":23,"column":77}}],"line":23},"2":{"loc":{"start":{"line":32,"column":7},"end":{"line":41,"column":null}},"type":"cond-expr","locations":[{"start":{"line":33,"column":8},"end":{"line":41,"column":9}},{"start":{"line":41,"column":8},"end":{"line":41,"column":null}}],"line":32}},"s":{"0":13,"1":13,"2":13,"3":1,"4":6,"5":1,"6":13,"7":1,"8":13,"9":1,"10":6,"11":1,"12":5,"13":13,"14":1},"f":{"0":13,"1":1,"2":6,"3":1,"4":1,"5":6,"6":1},"b":{"0":[1,5],"1":[1,0],"2":[12,1]},"meta":{"lastBranch":3,"lastFunction":7,"lastStatement":15,"seen":{"f:7:9:7:15":0,"s:8:18:8:56":0,"s:9:25:9:60":1,"s:11:8:13:Infinity":2,"f:11:8:11:23":1,"s:12:27:12:59":3,"f:12:35:12:42":2,"s:12:47:12:59":4,"s:13:4:13:Infinity":5,"s:16:8:17:Infinity":6,"f:16:8:16:21":3,"s:17:4:17:Infinity":7,"s:20:8:26:Infinity":8,"f:20:8:20:30":4,"s:21:2:26:Infinity":9,"f:21:21:21:25":5,"b:22:4:23:Infinity:undefined:undefined:undefined:undefined":0,"s:22:4:23:Infinity":10,"s:23:6:23:Infinity":11,"b:23:54:23:66:23:66:23:77":1,"s:25:4:25:Infinity":12,"s:29:2:41:Infinity":13,"b:33:8:41:9:41:8:41:Infinity":2,"f:41:44:41:58":6,"s:41:58:41:85":14}}}
,"W:\\calypso-air\\src\\components\\DetailView.jsx": {"path":"W:\\calypso-air\\src\\components\\DetailView.jsx","statementMap":{"0":{"start":{"line":3,"column":6},"end":{"line":14,"column":null}},"1":{"start":{"line":4,"column":2},"end":{"line":4,"column":null}},"2":{"start":{"line":4,"column":15},"end":{"line":4,"column":null}},"3":{"start":{"line":6,"column":2},"end":{"line":14,"column":null}}},"fnMap":{"0":{"name":"(anonymous_0)","decl":{"start":{"line":3,"column":6},"end":{"line":3,"column":20}},"loc":{"start":{"line":3,"column":43},"end":{"line":14,"column":null}},"line":3}},"branchMap":{"0":{"loc":{"start":{"line":4,"column":2},"end":{"line":4,"column":null}},"type":"if","locations":[{"start":{"line":4,"column":2},"end":{"line":4,"column":null}},{"start":{},"end":{}}],"line":4}},"s":{"0":1,"1":2,"2":1,"3":1},"f":{"0":2},"b":{"0":[1,1]},"meta":{"lastBranch":1,"lastFunction":1,"lastStatement":4,"seen":{"s:3:6:14:Infinity":0,"f:3:6:3:20":0,"b:4:2:4:Infinity:undefined:undefined:undefined:undefined":0,"s:4:2:4:Infinity":1,"s:4:15:4:Infinity":2,"s:6:2:14:Infinity":3}}}
,"W:\\calypso-air\\src\\components\\MasterTable.jsx": {"path":"W:\\calypso-air\\src\\components\\MasterTable.jsx","statementMap":{"0":{"start":{"line":3,"column":6},"end":{"line":132,"column":null}},"1":{"start":{"line":4,"column":19},"end":{"line":10,"column":4}},"2":{"start":{"line":12,"column":22},"end":{"line":12,"column":51}},"3":{"start":{"line":13,"column":23},"end":{"line":13,"column":null}},"4":{"start":{"line":15,"column":26},"end":{"line":15,"column":null}},"5":{"start":{"line":16,"column":27},"end":{"line":16,"column":null}},"6":{"start":{"line":17,"column":23},"end":{"line":17,"column":71}},"7":{"start":{"line":18,"column":21},"end":{"line":18,"column":61}},"8":{"start":{"line":20,"column":8},"end":{"line":34,"column":null}},"9":{"start":{"line":21,"column":2},"end":{"line":21,"column":null}},"10":{"start":{"line":23,"column":2},"end":{"line":25,"column":null}},"11":{"start":{"line":24,"column":4},"end":{"line":24,"column":null}},"12":{"start":{"line":25,"column":4},"end":{"line":25,"column":null}},"13":{"start":{"line":28,"column":2},"end":{"line":30,"column":null}},"14":{"start":{"line":28,"column":24},"end":{"line":28,"column":66}},"15":{"start":{"line":29,"column":4},"end":{"line":29,"column":null}},"16":{"start":{"line":30,"column":4},"end":{"line":30,"column":null}},"17":{"start":{"line":33,"column":2},"end":{"line":33,"column":null}},"18":{"start":{"line":34,"column":2},"end":{"line":34,"column":null}},"19":{"start":{"line":36,"column":2},"end":{"line":132,"column":null}},"20":{"start":{"line":51,"column":27},"end":{"line":51,"column":73}},"21":{"start":{"line":57,"column":27},"end":{"line":57,"column":82}},"22":{"start":{"line":63,"column":27},"end":{"line":63,"column":76}},"23":{"start":{"line":69,"column":27},"end":{"line":69,"column":76}},"24":{"start":{"line":94,"column":12},"end":{"line":123,"column":null}},"25":{"start":{"line":109,"column":39},"end":{"line":109,"column":61}},"26":{"start":{"line":111,"column":33},"end":{"line":111,"column":52}},"27":{"start":{"line":117,"column":33},"end":{"line":117,"column":51}},"28":{"start":{"line":130,"column":60},"end":{"line":130,"column":92}},"29":{"start":{"line":130,"column":83},"end":{"line":130,"column":92}},"30":{"start":{"line":132,"column":68},"end":{"line":132,"column":100}},"31":{"start":{"line":132,"column":91},"end":{"line":132,"column":100}}},"fnMap":{"0":{"name":"(anonymous_0)","decl":{"start":{"line":3,"column":6},"end":{"line":3,"column":21}},"loc":{"start":{"line":3,"column":79},"end":{"line":132,"column":null}},"line":3},"1":{"name":"(anonymous_1)","decl":{"start":{"line":20,"column":8},"end":{"line":20,"column":27}},"loc":{"start":{"line":20,"column":33},"end":{"line":34,"column":null}},"line":20},"2":{"name":"(anonymous_2)","decl":{"start":{"line":28,"column":14},"end":{"line":28,"column":19}},"loc":{"start":{"line":28,"column":24},"end":{"line":28,"column":66}},"line":28},"3":{"name":"(anonymous_3)","decl":{"start":{"line":51,"column":12},"end":{"line":51,"column":22}},"loc":{"start":{"line":51,"column":27},"end":{"line":51,"column":73}},"line":51},"4":{"name":"(anonymous_4)","decl":{"start":{"line":57,"column":12},"end":{"line":57,"column":22}},"loc":{"start":{"line":57,"column":27},"end":{"line":57,"column":82}},"line":57},"5":{"name":"(anonymous_5)","decl":{"start":{"line":63,"column":12},"end":{"line":63,"column":22}},"loc":{"start":{"line":63,"column":27},"end":{"line":63,"column":76}},"line":63},"6":{"name":"(anonymous_6)","decl":{"start":{"line":69,"column":12},"end":{"line":69,"column":22}},"loc":{"start":{"line":69,"column":27},"end":{"line":69,"column":76}},"line":69},"7":{"name":"(anonymous_7)","decl":{"start":{"line":93,"column":24},"end":{"line":93,"column":29}},"loc":{"start":{"line":94,"column":12},"end":{"line":123,"column":null}},"line":94},"8":{"name":"(anonymous_8)","decl":{"start":{"line":109,"column":24},"end":{"line":109,"column":39}},"loc":{"start":{"line":109,"column":39},"end":{"line":109,"column":61}},"line":109},"9":{"name":"(anonymous_9)","decl":{"start":{"line":111,"column":18},"end":{"line":111,"column":33}},"loc":{"start":{"line":111,"column":33},"end":{"line":111,"column":52}},"line":111},"10":{"name":"(anonymous_10)","decl":{"start":{"line":117,"column":18},"end":{"line":117,"column":33}},"loc":{"start":{"line":117,"column":33},"end":{"line":117,"column":51}},"line":117},"11":{"name":"(anonymous_11)","decl":{"start":{"line":130,"column":45},"end":{"line":130,"column":60}},"loc":{"start":{"line":130,"column":60},"end":{"line":130,"column":92}},"line":130},"12":{"name":"(anonymous_12)","decl":{"start":{"line":130,"column":60},"end":{"line":130,"column":75}},"loc":{"start":{"line":130,"column":83},"end":{"line":130,"column":92}},"line":130},"13":{"name":"(anonymous_13)","decl":{"start":{"line":132,"column":53},"end":{"line":132,"column":68}},"loc":{"start":{"line":132,"column":68},"end":{"line":132,"column":100}},"line":132},"14":{"name":"(anonymous_14)","decl":{"start":{"line":132,"column":68},"end":{"line":132,"column":83}},"loc":{"start":{"line":132,"column":91},"end":{"line":132,"column":100}},"line":132}},"branchMap":{"0":{"loc":{"start":{"line":23,"column":2},"end":{"line":25,"column":null}},"type":"if","locations":[{"start":{"line":23,"column":2},"end":{"line":25,"column":null}},{"start":{},"end":{}}],"line":23},"1":{"loc":{"start":{"line":23,"column":6},"end":{"line":23,"column":64}},"type":"binary-expr","locations":[{"start":{"line":23,"column":6},"end":{"line":23,"column":22}},{"start":{"line":23,"column":22},"end":{"line":23,"column":47}},{"start":{"line":23,"column":47},"end":{"line":23,"column":64}}],"line":23},"2":{"loc":{"start":{"line":28,"column":2},"end":{"line":30,"column":null}},"type":"if","locations":[{"start":{"line":28,"column":2},"end":{"line":30,"column":null}},{"start":{},"end":{}}],"line":28},"3":{"loc":{"start":{"line":101,"column":35},"end":{"line":101,"column":null}},"type":"cond-expr","locations":[{"start":{"line":101,"column":65},"end":{"line":101,"column":77}},{"start":{"line":101,"column":77},"end":{"line":101,"column":null}}],"line":101},"4":{"loc":{"start":{"line":102,"column":25},"end":{"line":102,"column":null}},"type":"cond-expr","locations":[{"start":{"line":102,"column":55},"end":{"line":102,"column":67}},{"start":{"line":102,"column":67},"end":{"line":102,"column":null}}],"line":102},"5":{"loc":{"start":{"line":131,"column":68},"end":{"line":131,"column":null}},"type":"binary-expr","locations":[{"start":{"line":131,"column":68},"end":{"line":131,"column":82}},{"start":{"line":131,"column":82},"end":{"line":131,"column":null}}],"line":131}},"s":{"0":1,"1":20,"2":20,"3":20,"4":20,"5":20,"6":20,"7":20,"8":20,"9":2,"10":2,"11":1,"12":1,"13":1,"14":6,"15":0,"16":0,"17":1,"18":1,"19":20,"20":2,"21":1,"22":1,"23":0,"24":58,"25":1,"26":1,"27":1,"28":1,"29":1,"30":3,"31":3},"f":{"0":20,"1":2,"2":6,"3":2,"4":1,"5":1,"6":0,"7":58,"8":1,"9":1,"10":1,"11":1,"12":1,"13":3,"14":3},"b":{"0":[1,1],"1":[2,2,1],"2":[0,1],"3":[18,40],"4":[18,40],"5":[20,0]},"meta":{"lastBranch":6,"lastFunction":15,"lastStatement":32,"seen":{"s:3:6:132:Infinity":0,"f:3:6:3:21":0,"s:4:19:10:4":1,"s:12:22:12:51":2,"s:13:23:13:Infinity":3,"s:15:26:15:Infinity":4,"s:16:27:16:Infinity":5,"s:17:23:17:71":6,"s:18:21:18:61":7,"s:20:8:34:Infinity":8,"f:20:8:20:27":1,"s:21:2:21:Infinity":9,"b:23:2:25:Infinity:undefined:undefined:undefined:undefined":0,"s:23:2:25:Infinity":10,"b:23:6:23:22:23:22:23:47:23:47:23:64":1,"s:24:4:24:Infinity":11,"s:25:4:25:Infinity":12,"b:28:2:30:Infinity:undefined:undefined:undefined:undefined":2,"s:28:2:30:Infinity":13,"f:28:14:28:19":2,"s:28:24:28:66":14,"s:29:4:29:Infinity":15,"s:30:4:30:Infinity":16,"s:33:2:33:Infinity":17,"s:34:2:34:Infinity":18,"s:36:2:132:Infinity":19,"f:51:12:51:22":3,"s:51:27:51:73":20,"f:57:12:57:22":4,"s:57:27:57:82":21,"f:63:12:63:22":5,"s:63:27:63:76":22,"f:69:12:69:22":6,"s:69:27:69:76":23,"f:93:24:93:29":7,"s:94:12:123:Infinity":24,"b:101:65:101:77:101:77:101:Infinity":3,"b:102:55:102:67:102:67:102:Infinity":4,"f:109:24:109:39":8,"s:109:39:109:61":25,"f:111:18:111:33":9,"s:111:33:111:52":26,"f:117:18:117:33":10,"s:117:33:117:51":27,"f:130:45:130:60":11,"s:130:60:130:92":28,"f:130:60:130:75":12,"s:130:83:130:92":29,"b:131:68:131:82:131:82:131:Infinity":5,"f:132:53:132:68":13,"s:132:68:132:100":30,"f:132:68:132:83":14,"s:132:91:132:100":31}}}
,"W:\\calypso-air\\src\\components\\PresentationView.jsx": {"path":"W:\\calypso-air\\src\\components\\PresentationView.jsx","statementMap":{"0":{"start":{"line":3,"column":6},"end":{"line":13,"column":null}},"1":{"start":{"line":4,"column":2},"end":{"line":13,"column":null}}},"fnMap":{"0":{"name":"(anonymous_0)","decl":{"start":{"line":3,"column":6},"end":{"line":3,"column":31}},"loc":{"start":{"line":3,"column":31},"end":{"line":13,"column":null}},"line":3}},"branchMap":{},"s":{"0":1,"1":13},"f":{"0":13},"b":{},"meta":{"lastBranch":0,"lastFunction":1,"lastStatement":2,"seen":{"s:3:6:13:Infinity":0,"f:3:6:3:31":0,"s:4:2:13:Infinity":1}}}
,"W:\\calypso-air\\src\\data\\flights.js": {"path":"W:\\calypso-air\\src\\data\\flights.js","statementMap":{"0":{"start":{"line":1,"column":30},"end":{"line":8,"column":null}}},"fnMap":{},"branchMap":{},"s":{"0":1},"f":{},"b":{},"meta":{"lastBranch":0,"lastFunction":0,"lastStatement":1,"seen":{"s:1:30:8:Infinity":0}}}
}
